<?xml version="1.0" encoding="UTF-8"?>
<!-- Generated by org.testng.reporters.JUnitXMLReporter -->
<testsuite hostname="Roman" name="Command line test" tests="4" failures="0" timestamp="9 Mar 2016 18:51:05 GMT" time="1.374" errors="0">
  <testcase name="testArea" time="0.007" classname="test.MathTests.AreaTest"/>
  <testcase name="testSubtraction" time="0.0" classname="test.MathTests.SubtractTest"/>
  <testcase name="testPerimeter" time="0.001" classname="test.MathTests.SumTest"/>
  <testcase name="testExponents" time="0.0" classname="test.MathTests.TestExponents"/>
</testsuite> <!-- Command line test -->
